2025-10-28 08:00:13,160 - Logging to console and dns_test.log
2025-10-28 08:00:13,167 - Adding controller

2025-10-28 08:00:13,266 - Adding switches

2025-10-28 08:00:13,554 - Adding hosts

2025-10-28 08:00:13,914 - Adding links

2025-10-28 08:00:13,934 - (100.00Mbit 2ms delay) 
2025-10-28 08:00:13,960 - (100.00Mbit 2ms delay) 
2025-10-28 08:00:13,990 - (100.00Mbit 2ms delay) 
2025-10-28 08:00:14,007 - (100.00Mbit 2ms delay) 
2025-10-28 08:00:14,037 - (100.00Mbit 2ms delay) 
2025-10-28 08:00:14,056 - (100.00Mbit 2ms delay) 
2025-10-28 08:00:14,086 - (100.00Mbit 2ms delay) 
2025-10-28 08:00:14,108 - (100.00Mbit 2ms delay) 
2025-10-28 08:00:14,143 - (100.00Mbit 5ms delay) 
2025-10-28 08:00:14,170 - (100.00Mbit 5ms delay) 
2025-10-28 08:00:14,210 - (100.00Mbit 8ms delay) 
2025-10-28 08:00:14,228 - (100.00Mbit 8ms delay) 
2025-10-28 08:00:14,270 - (100.00Mbit 10ms delay) 
2025-10-28 08:00:14,285 - (100.00Mbit 10ms delay) 
2025-10-28 08:00:14,314 - (100.00Mbit 1ms delay) 
2025-10-28 08:00:14,334 - (100.00Mbit 1ms delay) 
2025-10-28 08:00:14,532 - Starting network

2025-10-28 08:00:14,533 - *** Configuring hosts

2025-10-28 08:00:14,533 - h1 
2025-10-28 08:00:14,535 - h2 
2025-10-28 08:00:14,537 - h3 
2025-10-28 08:00:14,539 - h4 
2025-10-28 08:00:14,541 - dns 
2025-10-28 08:00:14,544 - nat0 
2025-10-28 08:00:14,569 - 

2025-10-28 08:00:14,569 - *** Starting controller

2025-10-28 08:00:14,569 - c0 
2025-10-28 08:00:14,574 - 

2025-10-28 08:00:14,574 - *** Starting 4 switches

2025-10-28 08:00:14,574 - s1 
2025-10-28 08:00:14,613 - (100.00Mbit 2ms delay) 
2025-10-28 08:00:14,640 - (100.00Mbit 5ms delay) 
2025-10-28 08:00:14,658 - s2 
2025-10-28 08:00:14,714 - (100.00Mbit 2ms delay) 
2025-10-28 08:00:14,737 - (100.00Mbit 5ms delay) 
2025-10-28 08:00:14,745 - (100.00Mbit 8ms delay) 
2025-10-28 08:00:14,756 - (100.00Mbit 1ms delay) 
2025-10-28 08:00:14,763 - s3 
2025-10-28 08:00:14,799 - (100.00Mbit 2ms delay) 
2025-10-28 08:00:14,823 - (100.00Mbit 8ms delay) 
2025-10-28 08:00:14,835 - (100.00Mbit 10ms delay) 
2025-10-28 08:00:14,840 - s4 
2025-10-28 08:00:14,877 - (100.00Mbit 2ms delay) 
2025-10-28 08:00:14,895 - (100.00Mbit 10ms delay) 
2025-10-28 08:00:14,905 - ...
2025-10-28 08:00:14,915 - (100.00Mbit 2ms delay) 
2025-10-28 08:00:14,926 - (100.00Mbit 5ms delay) 
2025-10-28 08:00:14,939 - (100.00Mbit 2ms delay) 
2025-10-28 08:00:14,952 - (100.00Mbit 5ms delay) 
2025-10-28 08:00:14,962 - (100.00Mbit 8ms delay) 
2025-10-28 08:00:14,974 - (100.00Mbit 1ms delay) 
2025-10-28 08:00:14,988 - (100.00Mbit 2ms delay) 
2025-10-28 08:00:15,000 - (100.00Mbit 8ms delay) 
2025-10-28 08:00:15,011 - (100.00Mbit 10ms delay) 
2025-10-28 08:00:15,024 - (100.00Mbit 2ms delay) 
2025-10-28 08:00:15,035 - (100.00Mbit 10ms delay) 
2025-10-28 08:00:15,044 - 

2025-10-28 08:00:15,073 - *** Ping: testing ping reachability

2025-10-28 08:00:15,073 - h1 -> 
2025-10-28 08:00:15,117 - h2 
2025-10-28 08:00:15,193 - h3 
2025-10-28 08:00:15,317 - h4 
2025-10-28 08:00:15,357 - dns 
2025-10-28 08:00:15,369 - nat0 
2025-10-28 08:00:15,370 - 

2025-10-28 08:00:15,370 - h2 -> 
2025-10-28 08:00:15,394 - h1 
2025-10-28 08:00:15,471 - h3 
2025-10-28 08:00:15,580 - h4 
2025-10-28 08:00:15,599 - dns 
2025-10-28 08:00:15,638 - nat0 
2025-10-28 08:00:15,638 - 

2025-10-28 08:00:15,638 - h3 -> 
2025-10-28 08:00:15,681 - h1 
2025-10-28 08:00:15,712 - h2 
2025-10-28 08:00:15,777 - h4 
2025-10-28 08:00:15,829 - dns 
2025-10-28 08:00:15,905 - nat0 
2025-10-28 08:00:15,905 - 

2025-10-28 08:00:15,905 - h4 -> 
2025-10-28 08:00:15,967 - h1 
2025-10-28 08:00:16,021 - h2 
2025-10-28 08:00:16,054 - h3 
2025-10-28 08:00:16,151 - dns 
2025-10-28 08:00:16,265 - nat0 
2025-10-28 08:00:16,265 - 

2025-10-28 08:00:16,265 - dns -> 
2025-10-28 08:00:16,287 - h1 
2025-10-28 08:00:16,298 - h2 
2025-10-28 08:00:16,327 - h3 
2025-10-28 08:00:16,376 - h4 
2025-10-28 08:00:16,407 - nat0 
2025-10-28 08:00:16,407 - 

2025-10-28 08:00:16,407 - nat0 -> 
2025-10-28 08:00:16,415 - h1 
2025-10-28 08:00:16,436 - h2 
2025-10-28 08:00:16,471 - h3 
2025-10-28 08:00:16,528 - h4 
2025-10-28 08:00:16,545 - dns 
2025-10-28 08:00:16,545 - 

2025-10-28 08:00:16,545 - *** Results: 0% dropped (30/30 received)

2025-10-28 08:00:16,545 - 
--- Testing host h1 with 100 URLs ---

2025-10-28 08:00:16,545 - [h1] Setting DNS to 8.8.8.8

2025-10-28 08:00:16,545 - [h1] Querying (1/100): 2brightsparks.co.uk ... 
2025-10-28 08:00:16,590 - Success (32 ms)

2025-10-28 08:00:16,590 - [h1] Querying (2/100): 41latitude.com ... 
2025-10-28 08:00:16,624 - Success (24 ms)

2025-10-28 08:00:16,624 - [h1] Querying (3/100): 7dfps.com ... 
2025-10-28 08:00:16,663 - Success (32 ms)

2025-10-28 08:00:16,663 - [h1] Querying (4/100): advertos.ru ... 
2025-10-28 08:00:16,694 - Success (20 ms)

2025-10-28 08:00:16,695 - [h1] Querying (5/100): afairjudgement.com ... 
2025-10-28 08:00:16,738 - Success (28 ms)

2025-10-28 08:00:16,738 - [h1] Querying (6/100): afresnohomeinspector.com ... 
2025-10-28 08:00:16,770 - Success (24 ms)

2025-10-28 08:00:16,771 - [h1] Querying (7/100): alchemedialtd.com ... 
2025-10-28 08:00:16,802 - Success (20 ms)

2025-10-28 08:00:16,802 - [h1] Querying (8/100): alenpuaca.com ... 
2025-10-28 08:00:17,329 - Success (520 ms)

2025-10-28 08:00:17,329 - [h1] Querying (9/100): amorefieldlife.com ... 
2025-10-28 08:00:17,361 - Success (20 ms)

2025-10-28 08:00:17,361 - [h1] Querying (10/100): aqvr.com ... 
2025-10-28 08:00:17,619 - Success (248 ms)

2025-10-28 08:00:17,619 - [h1] Querying (11/100): asadventure.com ... 
2025-10-28 08:00:17,660 - Success (28 ms)

2025-10-28 08:00:17,660 - [h1] Querying (12/100): astrumonline.ru ... 
2025-10-28 08:00:18,080 - Success (412 ms)

2025-10-28 08:00:18,080 - [h1] Querying (13/100): auqzzx.com ... 
2025-10-28 08:00:18,118 - Success (28 ms)

2025-10-28 08:00:18,118 - [h1] Querying (14/100): australiatradenow.com ... 
2025-10-28 08:00:18,162 - Success (32 ms)

2025-10-28 08:00:18,162 - [h1] Querying (15/100): autofirenze.biz ... 
2025-10-28 08:00:18,198 - Success (24 ms)

2025-10-28 08:00:18,198 - [h1] Querying (16/100): b-matrix.com ... 
2025-10-28 08:00:18,294 - Success (80 ms)

2025-10-28 08:00:18,294 - [h1] Querying (17/100): bikesandtransit.com ... 
2025-10-28 08:00:18,338 - Success (28 ms)

2025-10-28 08:00:18,338 - [h1] Querying (18/100): blueridgelife.com ... 
2025-10-28 08:00:18,379 - Success (24 ms)

2025-10-28 08:00:18,380 - [h1] Querying (19/100): buynowfromusa.com ... 
2025-10-28 08:00:18,416 - Success (28 ms)

2025-10-28 08:00:18,416 - [h1] Querying (20/100): camcard.com ... 
2025-10-28 08:00:18,448 - Success (24 ms)

2025-10-28 08:00:18,448 - [h1] Querying (21/100): caricsports.com ... 
2025-10-28 08:00:18,486 - Success (24 ms)

2025-10-28 08:00:18,486 - [h1] Querying (22/100): cetsi.fr ... 
2025-10-28 08:00:18,518 - Success (24 ms)

2025-10-28 08:00:18,518 - [h1] Querying (23/100): chonvn.com ... 
2025-10-28 08:00:18,566 - Success (32 ms)

2025-10-28 08:00:18,566 - [h1] Querying (24/100): chuamatsua.com ... 
2025-10-28 08:00:18,787 - Success (180 ms)

2025-10-28 08:00:18,788 - [h1] Querying (25/100): coutureauchocolat.com ... 
2025-10-28 08:00:19,080 - Success (268 ms)

2025-10-28 08:00:19,080 - [h1] Querying (26/100): daehepharma.com ... 
2025-10-28 08:00:19,116 - Success (28 ms)

2025-10-28 08:00:19,116 - [h1] Querying (27/100): datepanchang.com ... 
2025-10-28 08:00:19,186 - Success (60 ms)

2025-10-28 08:00:19,186 - [h1] Querying (28/100): diamondknot.com ... 
2025-10-28 08:00:19,284 - Success (88 ms)

2025-10-28 08:00:19,284 - [h1] Querying (29/100): ditrblog.com ... 
2025-10-28 08:00:19,319 - Success (28 ms)

2025-10-28 08:00:19,319 - [h1] Querying (30/100): dj-producer-j-mbargo.com ... 
2025-10-28 08:00:19,582 - Success (252 ms)

2025-10-28 08:00:19,582 - [h1] Querying (31/100): door2games.com ... 
2025-10-28 08:00:19,614 - Success (24 ms)

2025-10-28 08:00:19,614 - [h1] Querying (32/100): effexdjs.com ... 
2025-10-28 08:00:19,649 - Success (28 ms)

2025-10-28 08:00:19,649 - [h1] Querying (33/100): energybulbs.co.uk ... 
2025-10-28 08:00:19,687 - Success (24 ms)

2025-10-28 08:00:19,687 - [h1] Querying (34/100): eugenbotnar.com ... 
2025-10-28 08:00:19,730 - Success (28 ms)

2025-10-28 08:00:19,730 - [h1] Querying (35/100): ex-jw.org ... 
2025-10-28 08:00:19,767 - Success (28 ms)

2025-10-28 08:00:19,767 - [h1] Querying (36/100): fini.net ... 
2025-10-28 08:00:19,798 - Success (20 ms)

2025-10-28 08:00:19,798 - [h1] Querying (37/100): forpsi.net ... 
2025-10-28 08:00:19,833 - Success (24 ms)

2025-10-28 08:00:19,833 - [h1] Querying (38/100): gamemob.com ... 
2025-10-28 08:00:19,865 - Success (24 ms)

2025-10-28 08:00:19,865 - [h1] Querying (39/100): gensee.com ... 
2025-10-28 08:00:19,962 - Success (84 ms)

2025-10-28 08:00:19,963 - [h1] Querying (40/100): globalpoliticalspectrum.com ... 
2025-10-28 08:00:20,001 - Success (32 ms)

2025-10-28 08:00:20,002 - [h1] Querying (41/100): group14eng.com ... 
2025-10-28 08:00:20,105 - Success (88 ms)

2025-10-28 08:00:20,105 - [h1] Querying (42/100): gusbi.com ... 
2025-10-28 08:00:20,144 - Success (28 ms)

2025-10-28 08:00:20,144 - [h1] Querying (43/100): healthnews4you.com ... 
2025-10-28 08:00:20,179 - Success (24 ms)

2025-10-28 08:00:20,179 - [h1] Querying (44/100): hemcolubricants.com ... 
2025-10-28 08:00:20,211 - Success (24 ms)

2025-10-28 08:00:20,211 - [h1] Querying (45/100): hornil.com ... 
2025-10-28 08:00:20,248 - Success (24 ms)

2025-10-28 08:00:20,248 - [h1] Querying (46/100): house-sg.com ... 
2025-10-28 08:00:20,575 - Success (320 ms)

2025-10-28 08:00:20,575 - [h1] Querying (47/100): i-butterfly.ru ... 
2025-10-28 08:00:20,610 - Success (28 ms)

2025-10-28 08:00:20,610 - [h1] Querying (48/100): iag-inc.com ... 
2025-10-28 08:00:20,642 - Success (24 ms)

2025-10-28 08:00:20,642 - [h1] Querying (49/100): informarexresistere.fr ... 
2025-10-28 08:00:20,681 - Success (24 ms)

2025-10-28 08:00:20,681 - [h1] Querying (50/100): interfloracentral.co.uk ... 
2025-10-28 08:00:20,717 - Success (24 ms)

2025-10-28 08:00:20,718 - [h1] Querying (51/100): jantv.in ... 
2025-10-28 08:00:20,757 - Success (32 ms)

2025-10-28 08:00:20,757 - [h1] Querying (52/100): junio.com ... 
2025-10-28 08:00:21,071 - Success (308 ms)

2025-10-28 08:00:21,071 - [h1] Querying (53/100): kathihill.com ... 
2025-10-28 08:00:21,103 - Success (28 ms)

2025-10-28 08:00:21,103 - [h1] Querying (54/100): kennethehartman.com ... 
2025-10-28 08:00:21,146 - Success (32 ms)

2025-10-28 08:00:21,146 - [h1] Querying (55/100): kh.ua ... 
2025-10-28 08:00:21,186 - Success (24 ms)

2025-10-28 08:00:21,186 - [h1] Querying (56/100): khsm.ru ... 
2025-10-28 08:00:21,221 - Success (24 ms)

2025-10-28 08:00:21,221 - [h1] Querying (57/100): linksplash.info ... 
2025-10-28 08:00:21,319 - Success (92 ms)

2025-10-28 08:00:21,319 - [h1] Querying (58/100): livelinks.com ... 
2025-10-28 08:00:21,358 - Success (32 ms)

2025-10-28 08:00:21,358 - [h1] Querying (59/100): localhost.re ... 
2025-10-28 08:00:21,401 - Success (24 ms)

2025-10-28 08:00:21,401 - [h1] Querying (60/100): lozo.com ... 
2025-10-28 08:00:21,437 - Success (24 ms)

2025-10-28 08:00:21,437 - [h1] Querying (61/100): luckypuppygames.com ... 
2025-10-28 08:00:22,003 - Success (548 ms)

2025-10-28 08:00:22,003 - [h1] Querying (62/100): memeblender.com ... 
2025-10-28 08:00:22,267 - Success (256 ms)

2025-10-28 08:00:22,267 - [h1] Querying (63/100): mesites.co.za ... 
2025-10-28 08:00:22,301 - Success (24 ms)

2025-10-28 08:00:22,301 - [h1] Querying (64/100): michiganbulb.com ... 
2025-10-28 08:00:22,331 - Success (24 ms)

2025-10-28 08:00:22,331 - [h1] Querying (65/100): monsterhomesecuritystore.com ... 
2025-10-28 08:00:22,369 - Success (28 ms)

2025-10-28 08:00:22,369 - [h1] Querying (66/100): mwzip.com ... 
2025-10-28 08:00:22,406 - Success (28 ms)

2025-10-28 08:00:22,406 - [h1] Querying (67/100): mysearch-online.com ... 
2025-10-28 08:00:22,446 - Success (28 ms)

2025-10-28 08:00:22,446 - [h1] Querying (68/100): newstetic.com ... 
2025-10-28 08:00:22,484 - Success (28 ms)

2025-10-28 08:00:22,484 - [h1] Querying (69/100): niceinternetmoney.ru ... 
2025-10-28 08:00:23,102 - Success (608 ms)

2025-10-28 08:00:23,102 - [h1] Querying (70/100): o-ov.com ... 
2025-10-28 08:00:23,267 - Success (152 ms)

2025-10-28 08:00:23,267 - [h1] Querying (71/100): ondemandappliancerepair.com ... 
2025-10-28 08:00:23,299 - Success (24 ms)

2025-10-28 08:00:23,299 - [h1] Querying (72/100): owlcreek.com ... 
2025-10-28 08:00:23,331 - Success (24 ms)

2025-10-28 08:00:23,331 - [h1] Querying (73/100): pbprofile.com ... 
2025-10-28 08:00:23,373 - Success (32 ms)

2025-10-28 08:00:23,373 - [h1] Querying (74/100): phi-pe.com ... 
2025-10-28 08:00:23,412 - Success (28 ms)

2025-10-28 08:00:23,412 - [h1] Querying (75/100): pictures-thailand.com ... 
2025-10-28 08:00:23,443 - Success (24 ms)

2025-10-28 08:00:23,443 - [h1] Querying (76/100): pieceinch.com ... 
2025-10-28 08:00:23,478 - Success (24 ms)

2025-10-28 08:00:23,478 - [h1] Querying (77/100): portclydegeneralstore.com ... 
2025-10-28 08:00:23,581 - Success (92 ms)

2025-10-28 08:00:23,581 - [h1] Querying (78/100): ppsuika.ac.id ... 
2025-10-28 08:00:23,620 - Success (24 ms)

2025-10-28 08:00:23,621 - [h1] Querying (79/100): probigbets.com ... 
2025-10-28 08:00:23,665 - Success (28 ms)

2025-10-28 08:00:23,665 - [h1] Querying (80/100): progettogiovani.pd.it ... 
2025-10-28 08:00:23,705 - Success (28 ms)

2025-10-28 08:00:23,705 - [h1] Querying (81/100): radioterminal.ru ... 
2025-10-28 08:00:24,117 - Success (400 ms)

2025-10-28 08:00:24,117 - [h1] Querying (82/100): reprosystems.ru ... 
2025-10-28 08:00:24,153 - Success (28 ms)

2025-10-28 08:00:24,153 - [h1] Querying (83/100): retiragroup.com ... 
2025-10-28 08:00:24,196 - Success (32 ms)

2025-10-28 08:00:24,196 - [h1] Querying (84/100): rtsab.com ... 
2025-10-28 08:00:24,236 - Success (28 ms)

2025-10-28 08:00:24,236 - [h1] Querying (85/100): running-sigi.de ... 
2025-10-28 08:00:24,422 - Success (176 ms)

2025-10-28 08:00:24,422 - [h1] Querying (86/100): sdccdonline.net ... 
2025-10-28 08:00:24,455 - Success (28 ms)

2025-10-28 08:00:24,455 - [h1] Querying (87/100): sheltercoveinn.com ... 
2025-10-28 08:00:24,736 - Success (272 ms)

2025-10-28 08:00:24,736 - [h1] Querying (88/100): shivalikprints.com ... 
2025-10-28 08:00:24,768 - Success (24 ms)

2025-10-28 08:00:24,768 - [h1] Querying (89/100): shqqaa.com ... 
2025-10-28 08:00:24,803 - Success (28 ms)

2025-10-28 08:00:24,803 - [h1] Querying (90/100): simternet.com ... 
2025-10-28 08:00:24,835 - Success (28 ms)

2025-10-28 08:00:24,835 - [h1] Querying (91/100): somode.com ... 
2025-10-28 08:00:24,881 - Success (36 ms)

2025-10-28 08:00:24,881 - [h1] Querying (92/100): stunninggirls.net ... 
2025-10-28 08:00:24,922 - Success (28 ms)

2025-10-28 08:00:24,922 - [h1] Querying (93/100): toaskfuture.com ... 
2025-10-28 08:00:24,955 - Success (24 ms)

2025-10-28 08:00:24,955 - [h1] Querying (94/100): tottenhamhk.com ... 
2025-10-28 08:00:24,993 - Success (28 ms)

2025-10-28 08:00:24,993 - [h1] Querying (95/100): triggerfish.se ... 
2025-10-28 08:00:25,362 - Success (360 ms)

2025-10-28 08:00:25,362 - [h1] Querying (96/100): tuhafhaberler.com ... 
2025-10-28 08:00:25,460 - Success (88 ms)

2025-10-28 08:00:25,460 - [h1] Querying (97/100): uahoy.net ... 
2025-10-28 08:00:25,494 - Success (24 ms)

2025-10-28 08:00:25,495 - [h1] Querying (98/100): us.tf ... 
2025-10-28 08:00:27,537 - Success (2028 ms)

2025-10-28 08:00:27,537 - [h1] Querying (99/100): wrestlingfanssuck.com ... 
2025-10-28 08:00:27,954 - Success (408 ms)

2025-10-28 08:00:27,954 - [h1] Querying (100/100): zzxu.cn ... 
2025-10-28 08:00:28,229 - Success (260 ms)

2025-10-28 08:00:28,229 - 
=== h1 SUMMARY ===

2025-10-28 08:00:28,230 - URLs tested: 100

2025-10-28 08:00:28,230 - Successful: 100, Failed: 0

2025-10-28 08:00:28,230 - Average latency: 105.84 ms

2025-10-28 08:00:28,230 - Throughput: 137.00 bytes/sec


2025-10-28 08:00:28,230 - 
--- Testing host h2 with 100 URLs ---

2025-10-28 08:00:28,230 - [h2] Setting DNS to 8.8.8.8

2025-10-28 08:00:28,230 - [h2] Querying (1/100): 51cdngo.com ... 
2025-10-28 08:00:28,272 - Success (36 ms)

2025-10-28 08:00:28,272 - [h2] Querying (2/100): 7sports.jp ... 
2025-10-28 08:00:28,318 - Success (32 ms)

2025-10-28 08:00:28,318 - [h2] Querying (3/100): a-loud.com ... 
2025-10-28 08:00:28,365 - Success (36 ms)

2025-10-28 08:00:28,365 - [h2] Querying (4/100): alkoholiker-clan.de ... 
2025-10-28 08:00:28,407 - Success (32 ms)

2025-10-28 08:00:28,407 - [h2] Querying (5/100): alltransport.ru ... 
2025-10-28 08:00:29,198 - Success (776 ms)

2025-10-28 08:00:29,199 - [h2] Querying (6/100): ambassadorsspfhf.org ... 
2025-10-28 08:00:29,248 - Success (36 ms)

2025-10-28 08:00:29,248 - [h2] Querying (7/100): amedeos.net ... 
2025-10-28 08:00:29,294 - Success (32 ms)

2025-10-28 08:00:29,294 - [h2] Querying (8/100): androgyn.org ... 
2025-10-28 08:00:29,342 - Success (36 ms)

2025-10-28 08:00:29,343 - [h2] Querying (9/100): asip.es ... 
2025-10-28 08:00:29,391 - Success (36 ms)

2025-10-28 08:00:29,392 - [h2] Querying (10/100): aspiringwriter.ca ... 
2025-10-28 08:00:29,437 - Success (32 ms)

2025-10-28 08:00:29,438 - [h2] Querying (11/100): atomicbase.com ... 
2025-10-28 08:00:29,484 - Success (40 ms)

2025-10-28 08:00:29,484 - [h2] Querying (12/100): bek.ir ... 
2025-10-28 08:00:29,890 - Success (392 ms)

2025-10-28 08:00:29,890 - [h2] Querying (13/100): bigjournalism.com ... 
2025-10-28 08:00:29,942 - Success (40 ms)

2025-10-28 08:00:29,942 - [h2] Querying (14/100): brfone.com ... 
2025-10-28 08:00:29,989 - Success (32 ms)

2025-10-28 08:00:29,989 - [h2] Querying (15/100): brown.edu ... 
2025-10-28 08:00:30,318 - Success (320 ms)

2025-10-28 08:00:30,318 - [h2] Querying (16/100): c3budiman.tk ... 
2025-10-28 08:00:30,500 - Success (168 ms)

2025-10-28 08:00:30,500 - [h2] Querying (17/100): capella.edu ... 
2025-10-28 08:00:30,548 - Success (40 ms)

2025-10-28 08:00:30,548 - [h2] Querying (18/100): casco.com ... 
2025-10-28 08:00:30,593 - Success (36 ms)

2025-10-28 08:00:30,593 - [h2] Querying (19/100): cellularfactory.com ... 
2025-10-28 08:00:30,638 - Success (32 ms)

2025-10-28 08:00:30,638 - [h2] Querying (20/100): cncdesign.co.kr ... 
2025-10-28 08:00:30,687 - Success (36 ms)

2025-10-28 08:00:30,687 - [h2] Querying (21/100): congsoxanh.com ... 
2025-10-28 08:00:30,743 - Success (48 ms)

2025-10-28 08:00:30,743 - [h2] Querying (22/100): consejodentistas.org ... 
2025-10-28 08:00:30,789 - Success (32 ms)

2025-10-28 08:00:30,789 - [h2] Querying (23/100): cornesoft.com ... 
2025-10-28 08:00:30,842 - Success (44 ms)

2025-10-28 08:00:30,842 - [h2] Querying (24/100): datadikdki.net ... 
2025-10-28 08:00:30,890 - Success (36 ms)

2025-10-28 08:00:30,890 - [h2] Querying (25/100): doommovie.com ... 
2025-10-28 08:00:30,937 - Success (36 ms)

2025-10-28 08:00:30,937 - [h2] Querying (26/100): elettronix.com ... 
2025-10-28 08:00:30,981 - Success (32 ms)

2025-10-28 08:00:30,981 - [h2] Querying (27/100): fanzi.pl ... 
2025-10-28 08:00:31,030 - Success (36 ms)

2025-10-28 08:00:31,030 - [h2] Querying (28/100): fauzanalfi.com ... 
2025-10-28 08:00:31,077 - Success (36 ms)

2025-10-28 08:00:31,077 - [h2] Querying (29/100): gamepsvita.com ... 
2025-10-28 08:00:31,129 - Success (44 ms)

2025-10-28 08:00:31,129 - [h2] Querying (30/100): gaybodyblog.com ... 
2025-10-28 08:00:31,181 - Success (40 ms)

2025-10-28 08:00:31,181 - [h2] Querying (31/100): gba4iosapp.com ... 
2025-10-28 08:00:31,223 - Success (36 ms)

2025-10-28 08:00:31,223 - [h2] Querying (32/100): gucenmez.com ... 
2025-10-28 08:00:31,276 - Success (44 ms)

2025-10-28 08:00:31,277 - [h2] Querying (33/100): gvowebcast.com ... 
2025-10-28 08:00:31,325 - Success (40 ms)

2025-10-28 08:00:31,325 - [h2] Querying (34/100): heygal.net ... 
2025-10-28 08:00:31,380 - Success (44 ms)

2025-10-28 08:00:31,380 - [h2] Querying (35/100): hivelocitymedia.com ... 
2025-10-28 08:00:31,490 - Success (96 ms)

2025-10-28 08:00:31,490 - [h2] Querying (36/100): horn-elektronik.com ... 
2025-10-28 08:00:31,543 - Success (36 ms)

2025-10-28 08:00:31,543 - [h2] Querying (37/100): hotel.ch ... 
2025-10-28 08:00:31,589 - Success (40 ms)

2025-10-28 08:00:31,589 - [h2] Querying (38/100): huhgmbh.com ... 
2025-10-28 08:00:31,634 - Success (36 ms)

2025-10-28 08:00:31,634 - [h2] Querying (39/100): hznzcn.com ... 
2025-10-28 08:00:31,677 - Success (32 ms)

2025-10-28 08:00:31,677 - [h2] Querying (40/100): i12.de ... 
2025-10-28 08:00:31,724 - Success (36 ms)

2025-10-28 08:00:31,725 - [h2] Querying (41/100): itattoos.org ... 
2025-10-28 08:00:31,904 - Success (168 ms)

2025-10-28 08:00:31,904 - [h2] Querying (42/100): jabeye.org ... 
2025-10-28 08:00:31,956 - Success (36 ms)

2025-10-28 08:00:31,956 - [h2] Querying (43/100): jcwcn.com ... 
2025-10-28 08:00:32,000 - Success (36 ms)

2025-10-28 08:00:32,000 - [h2] Querying (44/100): k-dsl.de ... 
2025-10-28 08:00:32,111 - Success (100 ms)

2025-10-28 08:00:32,111 - [h2] Querying (45/100): ku.edu ... 
2025-10-28 08:00:32,166 - Success (36 ms)

2025-10-28 08:00:32,166 - [h2] Querying (46/100): lacuentaperdida.org ... 
2025-10-28 08:00:32,400 - Success (220 ms)

2025-10-28 08:00:32,400 - [h2] Querying (47/100): lgmonitorreview.nl ... 
2025-10-28 08:00:32,450 - Success (36 ms)

2025-10-28 08:00:32,450 - [h2] Querying (48/100): lighthouse.cc ... 
2025-10-28 08:00:32,498 - Success (36 ms)

2025-10-28 08:00:32,498 - [h2] Querying (49/100): likeminded.ca ... 
2025-10-28 08:00:32,862 - Success (352 ms)

2025-10-28 08:00:32,862 - [h2] Querying (50/100): ljyelectronic.com ... 
2025-10-28 08:00:32,911 - Success (36 ms)

2025-10-28 08:00:32,911 - [h2] Querying (51/100): lookpage.org ... 
2025-10-28 08:00:32,961 - Success (32 ms)

2025-10-28 08:00:32,961 - [h2] Querying (52/100): mattselznick.com ... 
2025-10-28 08:00:33,283 - Success (308 ms)

2025-10-28 08:00:33,283 - [h2] Querying (53/100): meintrendyhandy.de ... 
2025-10-28 08:00:33,705 - Success (416 ms)

2025-10-28 08:00:33,705 - [h2] Querying (54/100): metabans.com ... 
2025-10-28 08:00:33,754 - Success (40 ms)

2025-10-28 08:00:33,754 - [h2] Querying (55/100): motiie.com ... 
2025-10-28 08:00:33,808 - Success (44 ms)

2025-10-28 08:00:33,809 - [h2] Querying (56/100): mplus.hk ... 
2025-10-28 08:00:34,258 - Success (436 ms)

2025-10-28 08:00:34,258 - [h2] Querying (57/100): mpskota.com ... 
2025-10-28 08:00:34,310 - Success (40 ms)

2025-10-28 08:00:34,310 - [h2] Querying (58/100): mumphi.de ... 
2025-10-28 08:00:34,357 - Success (36 ms)

2025-10-28 08:00:34,357 - [h2] Querying (59/100): newpages2u.com ... 
2025-10-28 08:00:34,404 - Success (36 ms)

2025-10-28 08:00:34,404 - [h2] Querying (60/100): nipslab.org ... 
2025-10-28 08:00:34,451 - Success (36 ms)

2025-10-28 08:00:34,451 - [h2] Querying (61/100): nucre.com ... 
2025-10-28 08:00:34,500 - Success (40 ms)

2025-10-28 08:00:34,500 - [h2] Querying (62/100): oberoncompany.com ... 
2025-10-28 08:00:34,543 - Success (32 ms)

2025-10-28 08:00:34,543 - [h2] Querying (63/100): obtscan.com ... 
2025-10-28 08:00:34,597 - Success (44 ms)

2025-10-28 08:00:34,597 - [h2] Querying (64/100): ohdev.co.uk ... 
2025-10-28 08:00:34,641 - Success (32 ms)

2025-10-28 08:00:34,641 - [h2] Querying (65/100): ovtoc.com ... 
2025-10-28 08:00:34,688 - Success (36 ms)

2025-10-28 08:00:34,688 - [h2] Querying (66/100): panaceadream.com ... 
2025-10-28 08:00:34,741 - Success (40 ms)

2025-10-28 08:00:34,741 - [h2] Querying (67/100): phoenix-music.ru ... 
2025-10-28 08:00:36,109 - Success (1352 ms)

2025-10-28 08:00:36,109 - [h2] Querying (68/100): qdushu.com ... 
2025-10-28 08:00:36,232 - Success (112 ms)

2025-10-28 08:00:36,232 - [h2] Querying (69/100): qingjiaopidaiji.com ... 
2025-10-28 08:00:36,282 - Success (40 ms)

2025-10-28 08:00:36,282 - [h2] Querying (70/100): raqualia.com ... 
2025-10-28 08:00:36,478 - Success (180 ms)

2025-10-28 08:00:36,478 - [h2] Querying (71/100): redcrosseth.org ... 
2025-10-28 08:00:36,525 - Success (36 ms)

2025-10-28 08:00:36,525 - [h2] Querying (72/100): rousing.dk ... 
2025-10-28 08:00:36,570 - Success (32 ms)

2025-10-28 08:00:36,570 - [h2] Querying (73/100): sandieskorner.com ... 
2025-10-28 08:00:36,621 - Success (40 ms)

2025-10-28 08:00:36,621 - [h2] Querying (74/100): seedy.dk ... 
2025-10-28 08:00:36,669 - Success (36 ms)

2025-10-28 08:00:36,669 - [h2] Querying (75/100): simple-health-reports.com ... 
2025-10-28 08:00:36,948 - Success (268 ms)

2025-10-28 08:00:36,948 - [h2] Querying (76/100): sinemagrafik.com ... 
2025-10-28 08:00:37,055 - Success (96 ms)

2025-10-28 08:00:37,055 - [h2] Querying (77/100): sscw.ee ... 
2025-10-28 08:00:37,447 - Success (384 ms)

2025-10-28 08:00:37,447 - [h2] Querying (78/100): stopallthathating.com ... 
2025-10-28 08:00:37,494 - Success (36 ms)

2025-10-28 08:00:37,495 - [h2] Querying (79/100): supreetsethi.net ... 
2025-10-28 08:00:37,545 - Success (40 ms)

2025-10-28 08:00:37,546 - [h2] Querying (80/100): thankfullyyours.com ... 
2025-10-28 08:00:37,659 - Success (104 ms)

2025-10-28 08:00:37,659 - [h2] Querying (81/100): thereeftank.com ... 
2025-10-28 08:00:37,711 - Success (44 ms)

2025-10-28 08:00:37,711 - [h2] Querying (82/100): thunderex.com ... 
2025-10-28 08:00:38,044 - Success (324 ms)

2025-10-28 08:00:38,044 - [h2] Querying (83/100): ticketbis.com ... 
2025-10-28 08:00:38,091 - Success (40 ms)

2025-10-28 08:00:38,091 - [h2] Querying (84/100): tomorrowsreflection.com ... 
2025-10-28 08:00:38,430 - Success (328 ms)

2025-10-28 08:00:38,430 - [h2] Querying (85/100): tonaci.com ... 
2025-10-28 08:00:38,482 - Success (32 ms)

2025-10-28 08:00:38,483 - [h2] Querying (86/100): topilehtipuu.com ... 
2025-10-28 08:00:38,535 - Success (36 ms)

2025-10-28 08:00:38,535 - [h2] Querying (87/100): tretsomshop.nl ... 
2025-10-28 08:00:38,861 - Success (312 ms)

2025-10-28 08:00:38,861 - [h2] Querying (88/100): tsksv.ru ... 
2025-10-28 08:00:38,905 - Success (36 ms)

2025-10-28 08:00:38,906 - [h2] Querying (89/100): uanet.net ... 
2025-10-28 08:00:39,194 - Success (276 ms)

2025-10-28 08:00:39,194 - [h2] Querying (90/100): udoo24.com ... 
2025-10-28 08:00:39,253 - Success (48 ms)

2025-10-28 08:00:39,253 - [h2] Querying (91/100): vaco.ru ... 
2025-10-28 08:00:39,304 - Success (40 ms)

2025-10-28 08:00:39,304 - [h2] Querying (92/100): valerievandenbroek.nl ... 
2025-10-28 08:00:39,351 - Success (36 ms)

2025-10-28 08:00:39,351 - [h2] Querying (93/100): visualtap.com ... 
2025-10-28 08:00:39,679 - Success (312 ms)

2025-10-28 08:00:39,679 - [h2] Querying (94/100): volksschule-neufahrn.de ... 
2025-10-28 08:00:39,899 - Success (208 ms)

2025-10-28 08:00:39,899 - [h2] Querying (95/100): webxtrap.com ... 
2025-10-28 08:00:39,943 - Success (36 ms)

2025-10-28 08:00:39,943 - [h2] Querying (96/100): womenology.com ... 
2025-10-28 08:00:39,985 - Success (32 ms)

2025-10-28 08:00:39,985 - [h2] Querying (97/100): xqgcab.com ... 
2025-10-28 08:00:40,038 - Success (40 ms)

2025-10-28 08:00:40,038 - [h2] Querying (98/100): youngsnetwork.it ... 
2025-10-28 08:00:40,082 - Success (32 ms)

2025-10-28 08:00:40,082 - [h2] Querying (99/100): zamlelova.ru ... 
2025-10-28 08:00:41,681 - Success (1588 ms)

2025-10-28 08:00:41,681 - [h2] Querying (100/100): zilch.org ... 
2025-10-28 08:00:41,724 - Success (36 ms)

2025-10-28 08:00:41,725 - 
=== h2 SUMMARY ===

2025-10-28 08:00:41,725 - URLs tested: 100

2025-10-28 08:00:41,725 - Successful: 100, Failed: 0

2025-10-28 08:00:41,725 - Average latency: 123.40 ms

2025-10-28 08:00:41,725 - Throughput: 106.48 bytes/sec


2025-10-28 08:00:41,725 - 
--- Testing host h3 with 100 URLs ---

2025-10-28 08:00:41,725 - [h3] Setting DNS to 8.8.8.8

2025-10-28 08:00:41,725 - [h3] Querying (1/100): abmcare.com ... 
2025-10-28 08:00:41,792 - Success (56 ms)

2025-10-28 08:00:41,792 - [h3] Querying (2/100): anvilnetworksolutions.net ... 
2025-10-28 08:00:41,853 - Success (52 ms)

2025-10-28 08:00:41,853 - [h3] Querying (3/100): archiportale.com ... 
2025-10-28 08:00:41,929 - Success (56 ms)

2025-10-28 08:00:41,930 - [h3] Querying (4/100): arcoat.com ... 
2025-10-28 08:00:41,996 - Success (60 ms)

2025-10-28 08:00:41,996 - [h3] Querying (5/100): asseenontvlaunchpad.com ... 
2025-10-28 08:00:42,072 - Success (56 ms)

2025-10-28 08:00:42,072 - [h3] Querying (6/100): autopareri.com ... 
2025-10-28 08:00:42,139 - Success (56 ms)

2025-10-28 08:00:42,139 - [h3] Querying (7/100): bbqinjector.com ... 
2025-10-28 08:00:42,207 - Success (56 ms)

2025-10-28 08:00:42,207 - [h3] Querying (8/100): begleyhutton.com ... 
2025-10-28 08:00:42,267 - Success (52 ms)

2025-10-28 08:00:42,268 - [h3] Querying (9/100): bigliettieventi.info ... 
2025-10-28 08:00:42,335 - Success (56 ms)

2025-10-28 08:00:42,335 - [h3] Querying (10/100): bmw-parts.ru ... 
2025-10-28 08:00:42,405 - Success (52 ms)

2025-10-28 08:00:42,405 - [h3] Querying (11/100): bookingnest.com ... 
2025-10-28 08:00:42,468 - Success (52 ms)

2025-10-28 08:00:42,468 - [h3] Querying (12/100): callcomm.info ... 
2025-10-28 08:00:42,883 - Success (404 ms)

2025-10-28 08:00:42,883 - [h3] Querying (13/100): cdmail.fr ... 
2025-10-28 08:00:42,943 - Success (52 ms)

2025-10-28 08:00:42,944 - [h3] Querying (14/100): ceskykutil.cz ... 
2025-10-28 08:00:43,012 - Success (56 ms)

2025-10-28 08:00:43,012 - [h3] Querying (15/100): charityjob.co.uk ... 
2025-10-28 08:00:43,083 - Success (60 ms)

2025-10-28 08:00:43,084 - [h3] Querying (16/100): chekiang.info ... 
2025-10-28 08:00:43,148 - Success (56 ms)

2025-10-28 08:00:43,148 - [h3] Querying (17/100): chenghuavideo.asia ... 
2025-10-28 08:00:43,479 - Success (308 ms)

2025-10-28 08:00:43,479 - [h3] Querying (18/100): cia.it ... 
2025-10-28 08:00:43,767 - Success (276 ms)

2025-10-28 08:00:43,767 - [h3] Querying (19/100): ciber.com ... 
2025-10-28 08:00:43,829 - Success (52 ms)

2025-10-28 08:00:43,830 - [h3] Querying (20/100): clickdownloadfiles.com ... 
2025-10-28 08:00:43,902 - Success (56 ms)

2025-10-28 08:00:43,902 - [h3] Querying (21/100): consumerreviews24.com ... 
2025-10-28 08:00:43,975 - Success (56 ms)

2025-10-28 08:00:43,975 - [h3] Querying (22/100): cosmeticaestheticsurgery.com ... 
2025-10-28 08:00:44,046 - Success (56 ms)

2025-10-28 08:00:44,046 - [h3] Querying (23/100): crsgfk.de ... 
2025-10-28 08:00:44,183 - Success (116 ms)

2025-10-28 08:00:44,183 - [h3] Querying (24/100): currencyrates.org ... 
2025-10-28 08:00:44,251 - Success (56 ms)

2025-10-28 08:00:44,251 - [h3] Querying (25/100): cushinglawoffices.com ... 
2025-10-28 08:00:44,319 - Success (56 ms)

2025-10-28 08:00:44,319 - [h3] Querying (26/100): cuteteenschoolgirlz.com ... 
2025-10-28 08:00:44,393 - Success (56 ms)

2025-10-28 08:00:44,393 - [h3] Querying (27/100): de.vu ... 
2025-10-28 08:00:44,465 - Success (60 ms)

2025-10-28 08:00:44,466 - [h3] Querying (28/100): dilw.ie ... 
2025-10-28 08:00:44,601 - Success (120 ms)

2025-10-28 08:00:44,601 - [h3] Querying (29/100): dock2office.com ... 
2025-10-28 08:00:44,674 - Success (56 ms)

2025-10-28 08:00:44,674 - [h3] Querying (30/100): drglendza.co.rs ... 
2025-10-28 08:00:44,736 - Success (48 ms)

2025-10-28 08:00:44,736 - [h3] Querying (31/100): dricom-hosting.nl ... 
2025-10-28 08:00:45,155 - Success (408 ms)

2025-10-28 08:00:45,155 - [h3] Querying (32/100): e-daily.gr ... 
2025-10-28 08:00:45,213 - Success (48 ms)

2025-10-28 08:00:45,213 - [h3] Querying (33/100): e-hps.com ... 
2025-10-28 08:00:45,275 - Success (48 ms)

2025-10-28 08:00:45,275 - [h3] Querying (34/100): ecolems.com ... 
2025-10-28 08:00:45,339 - Success (52 ms)

2025-10-28 08:00:45,340 - [h3] Querying (35/100): eggcityradio.com ... 
2025-10-28 08:00:45,663 - Success (316 ms)

2025-10-28 08:00:45,663 - [h3] Querying (36/100): egov.sy ... 
2025-10-28 08:00:46,056 - Success (384 ms)

2025-10-28 08:00:46,056 - [h3] Querying (37/100): fmnara.com ... 
2025-10-28 08:00:46,413 - Success (340 ms)

2025-10-28 08:00:46,414 - [h3] Querying (38/100): freeditorial.com ... 
2025-10-28 08:00:46,478 - Success (56 ms)

2025-10-28 08:00:46,478 - [h3] Querying (39/100): ftf.com ... 
2025-10-28 08:00:46,784 - Success (296 ms)

2025-10-28 08:00:46,784 - [h3] Querying (40/100): gadanguides.com ... 
2025-10-28 08:00:46,846 - Success (52 ms)

2025-10-28 08:00:46,846 - [h3] Querying (41/100): gadgetgearpro.com ... 
2025-10-28 08:00:46,915 - Success (56 ms)

2025-10-28 08:00:46,915 - [h3] Querying (42/100): gardenofwords.com ... 
2025-10-28 08:00:46,989 - Success (56 ms)

2025-10-28 08:00:46,989 - [h3] Querying (43/100): get-webby.com ... 
2025-10-28 08:00:47,286 - Success (284 ms)

2025-10-28 08:00:47,286 - [h3] Querying (44/100): ghimpele.ro ... 
2025-10-28 08:00:47,388 - Success (84 ms)

2025-10-28 08:00:47,388 - [h3] Querying (45/100): giuseppelivraghi.it ... 
2025-10-28 08:00:47,456 - Success (56 ms)

2025-10-28 08:00:47,457 - [h3] Querying (46/100): gregginn.com ... 
2025-10-28 08:00:47,590 - Success (120 ms)

2025-10-28 08:00:47,591 - [h3] Querying (47/100): gxjbsj.com ... 
2025-10-28 08:00:47,655 - Success (52 ms)

2025-10-28 08:00:47,656 - [h3] Querying (48/100): hayalforum.net ... 
2025-10-28 08:00:47,731 - Success (60 ms)

2025-10-28 08:00:47,731 - [h3] Querying (49/100): hdcric.com ... 
2025-10-28 08:00:47,792 - Success (52 ms)

2025-10-28 08:00:47,792 - [h3] Querying (50/100): hralda.info ... 
2025-10-28 08:00:47,972 - Success (172 ms)

2025-10-28 08:00:47,972 - [h3] Querying (51/100): hutago.com ... 
2025-10-28 08:00:48,043 - Success (52 ms)

2025-10-28 08:00:48,043 - [h3] Querying (52/100): iael.com ... 
2025-10-28 08:00:48,103 - Success (48 ms)

2025-10-28 08:00:48,103 - [h3] Querying (53/100): ishidatic.com ... 
2025-10-28 08:00:48,447 - Success (324 ms)

2025-10-28 08:00:48,447 - [h3] Querying (54/100): laigang001.com ... 
2025-10-28 08:00:48,510 - Success (52 ms)

2025-10-28 08:00:48,510 - [h3] Querying (55/100): marilynlingerie.com ... 
2025-10-28 08:00:48,575 - Success (56 ms)

2025-10-28 08:00:48,575 - [h3] Querying (56/100): mechachal.org ... 
2025-10-28 08:00:48,989 - Success (400 ms)

2025-10-28 08:00:48,989 - [h3] Querying (57/100): medipacademy.com ... 
2025-10-28 08:00:49,056 - Success (60 ms)

2025-10-28 08:00:49,056 - [h3] Querying (58/100): metar.gr ... 
2025-10-28 08:00:49,363 - Success (300 ms)

2025-10-28 08:00:49,363 - [h3] Querying (59/100): michaelbyers.org ... 
2025-10-28 08:00:49,420 - Success (52 ms)

2025-10-28 08:00:49,420 - [h3] Querying (60/100): minecraftserverdeals.com ... 
2025-10-28 08:00:49,483 - Success (52 ms)

2025-10-28 08:00:49,484 - [h3] Querying (61/100): monitis.com ... 
2025-10-28 08:00:49,546 - Success (48 ms)

2025-10-28 08:00:49,546 - [h3] Querying (62/100): morban.co.uk ... 
2025-10-28 08:00:49,609 - Success (52 ms)

2025-10-28 08:00:49,609 - [h3] Querying (63/100): nasaspaceflight.com ... 
2025-10-28 08:00:49,685 - Success (56 ms)

2025-10-28 08:00:49,685 - [h3] Querying (64/100): ncees.org ... 
2025-10-28 08:00:49,749 - Success (52 ms)

2025-10-28 08:00:49,749 - [h3] Querying (65/100): noblewomanhood.com ... 
2025-10-28 08:00:49,810 - Success (52 ms)

2025-10-28 08:00:49,811 - [h3] Querying (66/100): note-so-easy.co.za ... 
2025-10-28 08:00:49,879 - Success (56 ms)

2025-10-28 08:00:49,879 - [h3] Querying (67/100): oaister.org ... 
2025-10-28 08:00:49,946 - Success (56 ms)

2025-10-28 08:00:49,946 - [h3] Querying (68/100): pahibu.net ... 
2025-10-28 08:00:50,022 - Success (56 ms)

2025-10-28 08:00:50,022 - [h3] Querying (69/100): pet-connect.ru ... 
2025-10-28 08:00:50,092 - Success (60 ms)

2025-10-28 08:00:50,092 - [h3] Querying (70/100): polymth.com ... 
2025-10-28 08:00:50,158 - Success (56 ms)

2025-10-28 08:00:50,158 - [h3] Querying (71/100): romney.com ... 
2025-10-28 08:00:50,227 - Success (52 ms)

2025-10-28 08:00:50,227 - [h3] Querying (72/100): rterc.in ... 
2025-10-28 08:00:50,306 - Success (68 ms)

2025-10-28 08:00:50,306 - [h3] Querying (73/100): sailor.pl ... 
2025-10-28 08:00:50,391 - Success (68 ms)

2025-10-28 08:00:50,391 - [h3] Querying (74/100): sarahpartridge.net ... 
2025-10-28 08:00:50,460 - Success (60 ms)

2025-10-28 08:00:50,460 - [h3] Querying (75/100): sendrakhizonline.com ... 
2025-10-28 08:00:50,582 - Success (112 ms)

2025-10-28 08:00:50,582 - [h3] Querying (76/100): shishioh.info ... 
2025-10-28 08:00:50,640 - Success (52 ms)

2025-10-28 08:00:50,641 - [h3] Querying (77/100): silveropt.ru ... 
2025-10-28 08:00:51,510 - Success (856 ms)

2025-10-28 08:00:51,511 - [h3] Querying (78/100): skyhightmatter.info ... 
2025-10-28 08:00:52,637 - Success (1116 ms)

2025-10-28 08:00:52,637 - [h3] Querying (79/100): sonoma-marinfair.org ... 
2025-10-28 08:00:52,698 - Success (52 ms)

2025-10-28 08:00:52,699 - [h3] Querying (80/100): stkpro.ru ... 
2025-10-28 08:00:52,764 - Success (56 ms)

2025-10-28 08:00:52,764 - [h3] Querying (81/100): synchchaos.com ... 
2025-10-28 08:00:53,089 - Success (312 ms)

2025-10-28 08:00:53,089 - [h3] Querying (82/100): synrc.com ... 
2025-10-28 08:00:53,215 - Success (120 ms)

2025-10-28 08:00:53,215 - [h3] Querying (83/100): tangkas888.com ... 
2025-10-28 08:00:53,275 - Success (52 ms)

2025-10-28 08:00:53,275 - [h3] Querying (84/100): tawali.com ... 
2025-10-28 08:00:53,341 - Success (52 ms)

2025-10-28 08:00:53,341 - [h3] Querying (85/100): teachmyass.info ... 
2025-10-28 08:00:53,410 - Success (52 ms)

2025-10-28 08:00:53,410 - [h3] Querying (86/100): teleskill.it ... 
2025-10-28 08:00:53,475 - Success (56 ms)

2025-10-28 08:00:53,476 - [h3] Querying (87/100): tenant-internet.com ... 
2025-10-28 08:00:53,555 - Success (60 ms)

2025-10-28 08:00:53,555 - [h3] Querying (88/100): texasbeyondhistory.net ... 
2025-10-28 08:00:53,625 - Success (56 ms)

2025-10-28 08:00:53,625 - [h3] Querying (89/100): topbarbee.com ... 
2025-10-28 08:00:53,691 - Success (52 ms)

2025-10-28 08:00:53,691 - [h3] Querying (90/100): trackcheatingspouse.com ... 
2025-10-28 08:00:53,760 - Success (56 ms)

2025-10-28 08:00:53,760 - [h3] Querying (91/100): uca.edu ... 
2025-10-28 08:00:53,825 - Success (52 ms)

2025-10-28 08:00:53,825 - [h3] Querying (92/100): urbannetwork.co.uk ... 
2025-10-28 08:00:53,892 - Success (52 ms)

2025-10-28 08:00:53,893 - [h3] Querying (93/100): verlockeshop.de ... 
2025-10-28 08:00:53,954 - Success (52 ms)

2025-10-28 08:00:53,954 - [h3] Querying (94/100): video-peche-poisson.fr ... 
2025-10-28 08:00:54,032 - Success (56 ms)

2025-10-28 08:00:54,032 - [h3] Querying (95/100): vietcapitaltour.com ... 
2025-10-28 08:00:54,100 - Success (60 ms)

2025-10-28 08:00:54,101 - [h3] Querying (96/100): virtualjerusalem.com ... 
2025-10-28 08:00:54,158 - Success (48 ms)

2025-10-28 08:00:54,158 - [h3] Querying (97/100): vlielandoutdoorcenter.nl ... 
2025-10-28 08:00:54,230 - Success (52 ms)

2025-10-28 08:00:54,230 - [h3] Querying (98/100): vpndefender.com ... 
2025-10-28 08:00:54,299 - Success (60 ms)

2025-10-28 08:00:54,299 - [h3] Querying (99/100): ximangquantrieu.com ... 
2025-10-28 08:00:54,369 - Success (52 ms)

2025-10-28 08:00:54,369 - [h3] Querying (100/100): zpav.pl ... 
2025-10-28 08:00:54,434 - Success (52 ms)

2025-10-28 08:00:54,434 - 
=== h3 SUMMARY ===

2025-10-28 08:00:54,434 - URLs tested: 100

2025-10-28 08:00:54,434 - Successful: 100, Failed: 0

2025-10-28 08:00:54,434 - Average latency: 114.32 ms

2025-10-28 08:00:54,435 - Throughput: 125.79 bytes/sec


2025-10-28 08:00:54,435 - 
--- Testing host h4 with 100 URLs ---

2025-10-28 08:00:54,435 - [h4] Setting DNS to 8.8.8.8

2025-10-28 08:00:54,435 - [h4] Querying (1/100): 120shenbing.com ... 
2025-10-28 08:00:54,522 - Success (76 ms)

2025-10-28 08:00:54,522 - [h4] Querying (2/100): 22hotmail.com ... 
2025-10-28 08:00:54,606 - Success (72 ms)

2025-10-28 08:00:54,606 - [h4] Querying (3/100): 2xfzy.com ... 
2025-10-28 08:00:54,689 - Success (72 ms)

2025-10-28 08:00:54,689 - [h4] Querying (4/100): 7apcrshrmanila.org ... 
2025-10-28 08:00:54,833 - Success (132 ms)

2025-10-28 08:00:54,834 - [h4] Querying (5/100): abhair.com ... 
2025-10-28 08:00:55,159 - Success (320 ms)

2025-10-28 08:00:55,159 - [h4] Querying (6/100): adverman.com ... 
2025-10-28 08:00:55,281 - Success (88 ms)

2025-10-28 08:00:55,282 - [h4] Querying (7/100): alb-automobiles.com ... 
2025-10-28 08:00:55,373 - Success (80 ms)

2025-10-28 08:00:55,373 - [h4] Querying (8/100): ana-sofia.pt ... 
2025-10-28 08:00:55,459 - Success (76 ms)

2025-10-28 08:00:55,459 - [h4] Querying (9/100): arrabonet.hu ... 
2025-10-28 08:00:55,539 - Success (72 ms)

2025-10-28 08:00:55,540 - [h4] Querying (10/100): auto-klad.ru ... 
2025-10-28 08:00:55,625 - Success (76 ms)

2025-10-28 08:00:55,625 - [h4] Querying (11/100): b2b2c.ca ... 
2025-10-28 08:00:56,278 - Success (644 ms)

2025-10-28 08:00:56,278 - [h4] Querying (12/100): bhhsneproperties.com ... 
2025-10-28 08:00:56,360 - Success (76 ms)

2025-10-28 08:00:56,360 - [h4] Querying (13/100): boh10suphanburi.com ... 
2025-10-28 08:00:56,449 - Success (76 ms)

2025-10-28 08:00:56,450 - [h4] Querying (14/100): boneshoppe.com ... 
2025-10-28 08:00:56,536 - Success (80 ms)

2025-10-28 08:00:56,537 - [h4] Querying (15/100): breezelaw.com ... 
2025-10-28 08:00:56,622 - Success (76 ms)

2025-10-28 08:00:56,622 - [h4] Querying (16/100): c0.pl ... 
2025-10-28 08:00:56,705 - Success (72 ms)

2025-10-28 08:00:56,705 - [h4] Querying (17/100): capequilog.com ... 
2025-10-28 08:00:56,794 - Success (76 ms)

2025-10-28 08:00:56,794 - [h4] Querying (18/100): carolgraykennedy.com ... 
2025-10-28 08:00:56,941 - Success (132 ms)

2025-10-28 08:00:56,941 - [h4] Querying (19/100): celerity.com ... 
2025-10-28 08:00:57,030 - Success (72 ms)

2025-10-28 08:00:57,030 - [h4] Querying (20/100): cellslider.net ... 
2025-10-28 08:00:57,118 - Success (76 ms)

2025-10-28 08:00:57,118 - [h4] Querying (21/100): closerdiets.com ... 
2025-10-28 08:00:57,216 - Success (84 ms)

2025-10-28 08:00:57,216 - [h4] Querying (22/100): contentremarketing.com ... 
2025-10-28 08:00:57,314 - Success (76 ms)

2025-10-28 08:00:57,314 - [h4] Querying (23/100): daytimeghosthunter.com ... 
2025-10-28 08:00:57,406 - Success (80 ms)

2025-10-28 08:00:57,406 - [h4] Querying (24/100): deine-bahn.de ... 
2025-10-28 08:00:57,495 - Success (72 ms)

2025-10-28 08:00:57,495 - [h4] Querying (25/100): divefishhouse.com ... 
2025-10-28 08:00:57,592 - Success (80 ms)

2025-10-28 08:00:57,592 - [h4] Querying (26/100): djbarryblends.com ... 
2025-10-28 08:00:57,677 - Success (72 ms)

2025-10-28 08:00:57,677 - [h4] Querying (27/100): dmg-dental.com ... 
2025-10-28 08:00:58,038 - Success (348 ms)

2025-10-28 08:00:58,038 - [h4] Querying (28/100): empclan.com ... 
2025-10-28 08:00:58,579 - Success (528 ms)

2025-10-28 08:00:58,579 - [h4] Querying (29/100): ereadz.com ... 
2025-10-28 08:00:58,733 - Success (140 ms)

2025-10-28 08:00:58,734 - [h4] Querying (30/100): florenseusa.com ... 
2025-10-28 08:00:58,890 - Success (144 ms)

2025-10-28 08:00:58,890 - [h4] Querying (31/100): frasesdemotivacao.net ... 
2025-10-28 08:00:58,977 - Success (76 ms)

2025-10-28 08:00:58,977 - [h4] Querying (32/100): freepornvideosx.com ... 
2025-10-28 08:00:59,067 - Success (80 ms)

2025-10-28 08:00:59,067 - [h4] Querying (33/100): gaplex.biz ... 
2025-10-28 08:00:59,184 - Success (108 ms)

2025-10-28 08:00:59,184 - [h4] Querying (34/100): gardeninginflorida.com ... 
2025-10-28 08:00:59,330 - Success (92 ms)

2025-10-28 08:00:59,330 - [h4] Querying (35/100): go2jump.com ... 
2025-10-28 08:00:59,414 - Success (72 ms)

2025-10-28 08:00:59,414 - [h4] Querying (36/100): godo.co.kr ... 
2025-10-28 08:00:59,503 - Success (76 ms)

2025-10-28 08:00:59,503 - [h4] Querying (37/100): grandcanyongrandhotel.com ... 
2025-10-28 08:00:59,598 - Success (84 ms)

2025-10-28 08:00:59,598 - [h4] Querying (38/100): greens.my ... 
2025-10-28 08:00:59,684 - Success (80 ms)

2025-10-28 08:00:59,684 - [h4] Querying (39/100): gurukulonline.com ... 
2025-10-28 08:00:59,769 - Success (76 ms)

2025-10-28 08:00:59,769 - [h4] Querying (40/100): gustissimo.it ... 
2025-10-28 08:00:59,865 - Success (76 ms)

2025-10-28 08:00:59,865 - [h4] Querying (41/100): hackthissite.org ... 
2025-10-28 08:00:59,952 - Success (76 ms)

2025-10-28 08:00:59,952 - [h4] Querying (42/100): ilikecrochet.com ... 
2025-10-28 08:01:00,041 - Success (76 ms)

2025-10-28 08:01:00,041 - [h4] Querying (43/100): iointegrators.com ... 
2025-10-28 08:01:00,213 - Success (156 ms)

2025-10-28 08:01:00,213 - [h4] Querying (44/100): irflashgame.com ... 
2025-10-28 08:01:00,362 - Success (136 ms)

2025-10-28 08:01:00,362 - [h4] Querying (45/100): itgeorgia.co ... 
2025-10-28 08:01:00,479 - Success (100 ms)

2025-10-28 08:01:00,479 - [h4] Querying (46/100): jacquelinemertz.ch ... 
2025-10-28 08:01:00,565 - Success (76 ms)

2025-10-28 08:01:00,565 - [h4] Querying (47/100): kanoon-ansar.org ... 
2025-10-28 08:01:00,649 - Success (72 ms)

2025-10-28 08:01:00,650 - [h4] Querying (48/100): kiyimuzik.com ... 
2025-10-28 08:01:00,751 - Success (88 ms)

2025-10-28 08:01:00,751 - [h4] Querying (49/100): koopsmodellbau.de ... 
2025-10-28 08:01:01,110 - Success (348 ms)

2025-10-28 08:01:01,110 - [h4] Querying (50/100): lespetiteschoses.com ... 
2025-10-28 08:01:01,208 - Success (84 ms)

2025-10-28 08:01:01,208 - [h4] Querying (51/100): livescan4all.com ... 
2025-10-28 08:01:01,290 - Success (72 ms)

2025-10-28 08:01:01,290 - [h4] Querying (52/100): magic-illusion.ru ... 
2025-10-28 08:01:01,388 - Success (84 ms)

2025-10-28 08:01:01,388 - [h4] Querying (53/100): majorleaguelacrosse.com ... 
2025-10-28 08:01:01,475 - Success (80 ms)

2025-10-28 08:01:01,476 - [h4] Querying (54/100): medintime.ru ... 
2025-10-28 08:01:01,563 - Success (80 ms)

2025-10-28 08:01:01,563 - [h4] Querying (55/100): meditekyazilim.net ... 
2025-10-28 08:01:04,051 - Success (2472 ms)

2025-10-28 08:01:04,051 - [h4] Querying (56/100): megi.cz ... 
2025-10-28 08:01:04,138 - Success (76 ms)

2025-10-28 08:01:04,139 - [h4] Querying (57/100): millionfareast.com ... 
2025-10-28 08:01:04,224 - Success (76 ms)

2025-10-28 08:01:04,224 - [h4] Querying (58/100): miscellaneousheathen.com ... 
2025-10-28 08:01:04,312 - Success (76 ms)

2025-10-28 08:01:04,312 - [h4] Querying (59/100): msf.be ... 
2025-10-28 08:01:04,395 - Success (76 ms)

2025-10-28 08:01:04,396 - [h4] Querying (60/100): muhammedmusa.com ... 
2025-10-28 08:01:04,480 - Success (76 ms)

2025-10-28 08:01:04,480 - [h4] Querying (61/100): myface.com ... 
2025-10-28 08:01:04,585 - Success (96 ms)

2025-10-28 08:01:04,585 - [h4] Querying (62/100): myfantasticpark.es ... 
2025-10-28 08:01:04,688 - Success (88 ms)

2025-10-28 08:01:04,688 - [h4] Querying (63/100): ngoanhien.com ... 
2025-10-28 08:01:04,794 - Success (80 ms)

2025-10-28 08:01:04,794 - [h4] Querying (64/100): njafe.org ... 
2025-10-28 08:01:05,370 - Success (564 ms)

2025-10-28 08:01:05,370 - [h4] Querying (65/100): oberandsons.com ... 
2025-10-28 08:01:05,701 - Success (320 ms)

2025-10-28 08:01:05,701 - [h4] Querying (66/100): ok-magazine.ru ... 
2025-10-28 08:01:06,174 - Success (456 ms)

2025-10-28 08:01:06,174 - [h4] Querying (67/100): onetoshop.nl ... 
2025-10-28 08:01:06,255 - Success (72 ms)

2025-10-28 08:01:06,255 - [h4] Querying (68/100): oneworldinfo.com ... 
2025-10-28 08:01:06,337 - Success (76 ms)

2025-10-28 08:01:06,338 - [h4] Querying (69/100): originalmagicart.com ... 
2025-10-28 08:01:06,420 - Success (76 ms)

2025-10-28 08:01:06,420 - [h4] Querying (70/100): overseasmedical.com ... 
2025-10-28 08:01:06,862 - Success (432 ms)

2025-10-28 08:01:06,862 - [h4] Querying (71/100): pces.in ... 
2025-10-28 08:01:06,948 - Success (72 ms)

2025-10-28 08:01:06,949 - [h4] Querying (72/100): pilsnerurquell.com ... 
2025-10-28 08:01:07,035 - Success (76 ms)

2025-10-28 08:01:07,035 - [h4] Querying (73/100): ranocchi.it ... 
2025-10-28 08:01:07,464 - Success (420 ms)

2025-10-28 08:01:07,465 - [h4] Querying (74/100): roche-applied-science.com ... 
2025-10-28 08:01:07,550 - Success (72 ms)

2025-10-28 08:01:07,550 - [h4] Querying (75/100): rolflouisville.com ... 
2025-10-28 08:01:07,636 - Success (76 ms)

2025-10-28 08:01:07,636 - [h4] Querying (76/100): rositehost.com ... 
2025-10-28 08:01:07,733 - Success (88 ms)

2025-10-28 08:01:07,734 - [h4] Querying (77/100): rubenquinones.com ... 
2025-10-28 08:01:07,818 - Success (72 ms)

2025-10-28 08:01:07,818 - [h4] Querying (78/100): saharaimport.com ... 
2025-10-28 08:01:07,901 - Success (76 ms)

2025-10-28 08:01:07,901 - [h4] Querying (79/100): sapendolo.it ... 
2025-10-28 08:01:08,007 - Success (92 ms)

2025-10-28 08:01:08,007 - [h4] Querying (80/100): sf-notifications.com ... 
2025-10-28 08:01:08,115 - Success (84 ms)

2025-10-28 08:01:08,115 - [h4] Querying (81/100): silkroadtours.com ... 
2025-10-28 08:01:08,202 - Success (72 ms)

2025-10-28 08:01:08,203 - [h4] Querying (82/100): sipflash.com ... 
2025-10-28 08:01:08,351 - Success (136 ms)

2025-10-28 08:01:08,351 - [h4] Querying (83/100): sitiweb.us ... 
2025-10-28 08:01:08,433 - Success (72 ms)

2025-10-28 08:01:08,433 - [h4] Querying (84/100): skplus.kr ... 
2025-10-28 08:01:08,646 - Success (200 ms)

2025-10-28 08:01:08,646 - [h4] Querying (85/100): solcredito.es ... 
2025-10-28 08:01:08,733 - Success (80 ms)

2025-10-28 08:01:08,733 - [h4] Querying (86/100): stark.dk ... 
2025-10-28 08:01:08,817 - Success (76 ms)

2025-10-28 08:01:08,817 - [h4] Querying (87/100): supportpabiomass.org ... 
2025-10-28 08:01:09,328 - Success (500 ms)

2025-10-28 08:01:09,328 - [h4] Querying (88/100): sweathelp.org ... 
2025-10-28 08:01:09,412 - Success (76 ms)

2025-10-28 08:01:09,412 - [h4] Querying (89/100): theexoticpersian.com ... 
2025-10-28 08:01:09,555 - Success (132 ms)

2025-10-28 08:01:09,555 - [h4] Querying (90/100): thepropertyvault.co.uk ... 
2025-10-28 08:01:09,695 - Success (136 ms)

2025-10-28 08:01:09,695 - [h4] Querying (91/100): tripladoppia.com ... 
2025-10-28 08:01:09,845 - Success (136 ms)

2025-10-28 08:01:09,845 - [h4] Querying (92/100): ugotrelis.com ... 
2025-10-28 08:01:09,929 - Success (72 ms)

2025-10-28 08:01:09,929 - [h4] Querying (93/100): valdo.com ... 
2025-10-28 08:01:10,013 - Success (72 ms)

2025-10-28 08:01:10,014 - [h4] Querying (94/100): viahttps.com ... 
2025-10-28 08:01:10,096 - Success (72 ms)

2025-10-28 08:01:10,096 - [h4] Querying (95/100): videofun.me ... 
2025-10-28 08:01:10,179 - Success (76 ms)

2025-10-28 08:01:10,179 - [h4] Querying (96/100): vinayaprabha.com ... 
2025-10-28 08:01:10,261 - Success (72 ms)

2025-10-28 08:01:10,261 - [h4] Querying (97/100): wiltpr.com ... 
2025-10-28 08:01:10,353 - Success (80 ms)

2025-10-28 08:01:10,353 - [h4] Querying (98/100): wordai.com ... 
2025-10-28 08:01:10,443 - Success (80 ms)

2025-10-28 08:01:10,443 - [h4] Querying (99/100): xxx-muschis.de ... 
2025-10-28 08:01:10,590 - Success (136 ms)

2025-10-28 08:01:10,590 - [h4] Querying (100/100): yunpda.com ... 
2025-10-28 08:01:10,675 - Success (76 ms)

2025-10-28 08:01:10,676 - 
=== h4 SUMMARY ===

2025-10-28 08:01:10,676 - URLs tested: 100

2025-10-28 08:01:10,676 - Successful: 100, Failed: 0

2025-10-28 08:01:10,676 - Average latency: 150.08 ms

2025-10-28 08:01:10,676 - Throughput: 97.95 bytes/sec


2025-10-28 08:01:10,676 - 
=== SUMMARY ===

2025-10-28 08:01:10,676 - h1: 105.84 ms | 137.00 B/s | Success=100 | Fail=0

2025-10-28 08:01:10,676 - h2: 123.40 ms | 106.48 B/s | Success=100 | Fail=0

2025-10-28 08:01:10,676 - h3: 114.32 ms | 125.79 B/s | Success=100 | Fail=0

2025-10-28 08:01:10,676 - h4: 150.08 ms | 97.95 B/s | Success=100 | Fail=0

2025-10-28 08:01:10,676 - *** Stopping 1 controllers

2025-10-28 08:01:10,676 - c0 
2025-10-28 08:01:10,676 - 

2025-10-28 08:01:10,677 - *** Stopping 10 links

2025-10-28 08:01:10,677 - .
2025-10-28 08:01:10,697 - .
2025-10-28 08:01:10,713 - .
2025-10-28 08:01:10,735 - .
2025-10-28 08:01:10,753 - .
2025-10-28 08:01:10,793 - .
2025-10-28 08:01:10,814 - .
2025-10-28 08:01:10,831 - .
2025-10-28 08:01:10,848 - .
2025-10-28 08:01:10,868 - .
2025-10-28 08:01:10,888 - 

2025-10-28 08:01:10,888 - *** Stopping 4 switches

2025-10-28 08:01:10,999 - s1 
2025-10-28 08:01:10,999 - s2 
2025-10-28 08:01:10,999 - s3 
2025-10-28 08:01:10,999 - s4 
2025-10-28 08:01:10,999 - 

2025-10-28 08:01:10,999 - *** Stopping 6 hosts

2025-10-28 08:01:10,999 - h1 
2025-10-28 08:01:11,000 - h2 
2025-10-28 08:01:11,000 - h3 
2025-10-28 08:01:11,000 - h4 
2025-10-28 08:01:11,001 - dns 
2025-10-28 08:01:11,001 - nat0 
2025-10-28 08:01:11,008 - 
*** Done

